#
# There is insufficient memory for the Java Runtime Environment to continue.
# Native memory allocation (malloc) failed to allocate 516976 bytes for Chunk::new
# Possible reasons:
#   The system is out of physical RAM or swap space
#   The process is running with CompressedOops enabled, and the Java Heap may be blocking the growth of the native heap
# Possible solutions:
#   Reduce memory load on the system
#   Increase physical memory or swap space
#   Check if swap backing store is full
#   Decrease Java heap size (-Xmx/-Xms)
#   Decrease number of Java threads
#   Decrease Java thread stack sizes (-Xss)
#   Set larger code cache with -XX:ReservedCodeCacheSize=
#   JVM is running with Unscaled Compressed Oops mode in which the Java heap is
#     placed in the first 4GB address space. The Java Heap base address is the
#     maximum limit for the native heap growth. Please use -XX:HeapBaseMinAddress
#     to set the Java Heap base and to place the Java Heap above 4GB virtual address.
# This output file may be truncated or incomplete.
#
#  Out of Memory Error (./src/hotspot/share/memory/arena.cpp:197), pid=17528, tid=13380
#
# JRE version: OpenJDK Runtime Environment AdoptOpenJDK-11.0.11+9 (11.0.11+9) (build 11.0.11+9)
# Java VM: OpenJDK 64-Bit Server VM AdoptOpenJDK-11.0.11+9 (11.0.11+9, mixed mode, tiered, compressed oops, parallel gc, windows-amd64)
# No core dump will be written. Minidumps are not enabled by default on client versions of Windows
#

---------------  S U M M A R Y ------------

Command Line: --add-modules=ALL-SYSTEM --add-opens=java.base/java.util=ALL-UNNAMED --add-opens=java.base/java.lang=ALL-UNNAMED -Declipse.application=org.eclipse.jdt.ls.core.id1 -Dosgi.bundles.defaultStartLevel=4 -Declipse.product=org.eclipse.jdt.ls.core.product -Dfile.encoding=utf8 -DwatchParentProcess=false -XX:+UseParallelGC -XX:GCTimeRatio=4 -XX:AdaptiveSizePolicyWeight=90 -Dsun.zip.disableMemoryMapping=true -Xmx1G -Xms100m -Xverify:none c:\Users\ASUS\.vscode\extensions\redhat.java-0.79.2\server\plugins\org.eclipse.equinox.launcher_1.6.100.v20201223-0822.jar -configuration c:\Users\ASUS\AppData\Roaming\Code\User\globalStorage\redhat.java\0.79.2\config_win -data c:\Users\ASUS\AppData\Roaming\Code\User\workspaceStorage\f8b72b88882f01987c096f6e8b5c2f3e\redhat.java\jdt_ws

Host: AMD Ryzen 3 3200U with Radeon Vega Mobile Gfx  , 4 cores, 3G,  Windows 10 , 64 bit Build 18362 (10.0.18362.86)
Time: Tue Jun  8 20:22:36 2021 SE Asia Standard Time elapsed time: 31.820197 seconds (0d 0h 0m 31s)

---------------  T H R E A D  ---------------

Current thread (0x0000027dfc677800):  JavaThread "C2 CompilerThread0" daemon [_thread_in_native, id=13380, stack(0x000000b44e800000,0x000000b44e900000)]


Current CompileTask:
C2:  31820 7151       4       org.eclipse.aether.util.graph.transformer.ConflictResolver::gatherConflictItems (111 bytes)

Stack: [0x000000b44e800000,0x000000b44e900000]
Native frames: (J=compiled Java code, j=interpreted, Vv=VM code, C=native code)
V  [jvm.dll+0x5f7e5a]
V  [jvm.dll+0x77ff2e]
V  [jvm.dll+0x7815ff]
V  [jvm.dll+0x781cc3]
V  [jvm.dll+0x247408]
V  [jvm.dll+0xbe69c]
V  [jvm.dll+0xbed9c]
V  [jvm.dll+0x34cb02]
V  [jvm.dll+0x1992e1]
V  [jvm.dll+0x200e92]
V  [jvm.dll+0x1fff6f]
V  [jvm.dll+0x184f1c]
V  [jvm.dll+0x20f3e7]
V  [jvm.dll+0x20d5cb]
V  [jvm.dll+0x7442f9]
V  [jvm.dll+0x73d364]
V  [jvm.dll+0x5f6cd6]
C  [ucrtbase.dll+0x1d912]
C  [KERNEL32.DLL+0x17bd4]
C  [ntdll.dll+0x6ce71]


---------------  P R O C E S S  ---------------

Threads class SMR info:
_java_thread_list=0x0000027d9a3120d0, length=26, elements={
0x0000027df7c8e000, 0x0000027dfc653000, 0x0000027dfc654000, 0x0000027dfd7f2800,
0x0000027dfc674800, 0x0000027dfc676800, 0x0000027dfc677800, 0x0000027dfc678800,
0x0000027dfc6ab000, 0x0000027dfd932800, 0x0000027dfdcb9000, 0x0000027dfe032000,
0x0000027dfe035000, 0x0000027dfe701000, 0x0000027dfe740000, 0x0000027dfe784000,
0x0000027dfe857800, 0x0000027dfe9e9800, 0x0000027dfe789800, 0x0000027dfe785800,
0x0000027dfe78a000, 0x0000027dfe78b000, 0x0000027dfe788800, 0x0000027dfe787800,
0x0000027dfe78c000, 0x0000027dfe786000
}

Java Threads: ( => current thread )
  0x0000027df7c8e000 JavaThread "main" [_thread_blocked, id=12512, stack(0x000000b44e000000,0x000000b44e100000)]
  0x0000027dfc653000 JavaThread "Reference Handler" daemon [_thread_blocked, id=12344, stack(0x000000b44e300000,0x000000b44e400000)]
  0x0000027dfc654000 JavaThread "Finalizer" daemon [_thread_blocked, id=3408, stack(0x000000b44e400000,0x000000b44e500000)]
  0x0000027dfd7f2800 JavaThread "Signal Dispatcher" daemon [_thread_blocked, id=6104, stack(0x000000b44e500000,0x000000b44e600000)]
  0x0000027dfc674800 JavaThread "Attach Listener" daemon [_thread_blocked, id=9872, stack(0x000000b44e600000,0x000000b44e700000)]
  0x0000027dfc676800 JavaThread "Service Thread" daemon [_thread_blocked, id=8536, stack(0x000000b44e700000,0x000000b44e800000)]
=>0x0000027dfc677800 JavaThread "C2 CompilerThread0" daemon [_thread_in_native, id=13380, stack(0x000000b44e800000,0x000000b44e900000)]
  0x0000027dfc678800 JavaThread "C1 CompilerThread0" daemon [_thread_blocked, id=11280, stack(0x000000b44e900000,0x000000b44ea00000)]
  0x0000027dfc6ab000 JavaThread "Sweeper thread" daemon [_thread_blocked, id=10760, stack(0x000000b44ea00000,0x000000b44eb00000)]
  0x0000027dfd932800 JavaThread "Common-Cleaner" daemon [_thread_blocked, id=14136, stack(0x000000b44eb00000,0x000000b44ec00000)]
  0x0000027dfdcb9000 JavaThread "Active Thread: Equinox Container: d7274b37-d571-461f-baf2-64d0f201b7f4" [_thread_blocked, id=16336, stack(0x000000b44ed00000,0x000000b44ee00000)]
  0x0000027dfe032000 JavaThread "Framework Event Dispatcher: Equinox Container: d7274b37-d571-461f-baf2-64d0f201b7f4" daemon [_thread_blocked, id=5560, stack(0x000000b44ee00000,0x000000b44ef00000)]
  0x0000027dfe035000 JavaThread "Start Level: Equinox Container: d7274b37-d571-461f-baf2-64d0f201b7f4" daemon [_thread_blocked, id=9808, stack(0x000000b44ef00000,0x000000b44f000000)]
  0x0000027dfe701000 JavaThread "SCR Component Actor" daemon [_thread_blocked, id=3520, stack(0x000000b44f300000,0x000000b44f400000)]
  0x0000027dfe740000 JavaThread "Bundle File Closer" daemon [_thread_blocked, id=17932, stack(0x000000b44f500000,0x000000b44f600000)]
  0x0000027dfe784000 JavaThread "Worker-JM" [_thread_blocked, id=11820, stack(0x000000b44f600000,0x000000b44f700000)]
  0x0000027dfe857800 JavaThread "Worker-0" [_thread_blocked, id=14252, stack(0x000000b44f700000,0x000000b44f800000)]
  0x0000027dfe9e9800 JavaThread "Worker-1: Initialize workspace" [_thread_blocked, id=14568, stack(0x000000b44f800000,0x000000b44f900000)]
  0x0000027dfe789800 JavaThread "Worker-2: Register Watchers" [_thread_blocked, id=9128, stack(0x000000b44f900000,0x000000b44fa00000)]
  0x0000027dfe785800 JavaThread "Java indexing" daemon [_thread_blocked, id=6700, stack(0x000000b44fa00000,0x000000b44fb00000)]
  0x0000027dfe78a000 JavaThread "logback configurator timer" daemon [_thread_blocked, id=16292, stack(0x000000b44fb00000,0x000000b44fc00000)]
  0x0000027dfe78b000 JavaThread "pool-2-thread-1" [_thread_in_native, id=14060, stack(0x000000b44fc00000,0x000000b44fd00000)]
  0x0000027dfe788800 JavaThread "Worker-3" [_thread_blocked, id=16568, stack(0x000000b44f400000,0x000000b44f500000)]
  0x0000027dfe787800 JavaThread "Worker-4" [_thread_blocked, id=1580, stack(0x000000b44fd00000,0x000000b44fe00000)]
  0x0000027dfe78c000 JavaThread "Worker-5: Building" [_thread_in_native, id=8100, stack(0x000000b44fe00000,0x000000b44ff00000)]
  0x0000027dfe786000 JavaThread "ForkJoinPool.commonPool-worker-3" daemon [_thread_blocked, id=13228, stack(0x000000b44ff00000,0x000000b450000000)]

Other Threads:
  0x0000027df7d5b800 VMThread "VM Thread" [stack: 0x000000b44e200000,0x000000b44e300000] [id=12544]
  0x0000027dfd9aa800 WatcherThread [stack: 0x000000b44ec00000,0x000000b44ed00000] [id=8008]
  0x0000027df7ca7000 GCTaskThread "ParGC Thread#0" [stack: 0x000000b44e100000,0x000000b44e200000] [id=7988]
  0x0000027dfe01b000 GCTaskThread "ParGC Thread#1" [stack: 0x000000b44f000000,0x000000b44f100000] [id=11016]
  0x0000027dfe01b800 GCTaskThread "ParGC Thread#2" [stack: 0x000000b44f100000,0x000000b44f200000] [id=10396]
  0x0000027dfe01c800 GCTaskThread "ParGC Thread#3" [stack: 0x000000b44f200000,0x000000b44f300000] [id=19096]

Threads with active compile tasks:
C2 CompilerThread0  31877 7151       4       org.eclipse.aether.util.graph.transformer.ConflictResolver::gatherConflictItems (111 bytes)

VM state:not at safepoint (normal execution)

VM Mutex/Monitor currently owned by a thread: None

Heap address: 0x00000000c0000000, size: 1024 MB, Compressed Oops mode: 32-bit
Narrow klass base: 0x0000000000000000, Narrow klass shift: 3
Compressed class space size: 1073741824 Address: 0x0000000100000000

Heap:
 PSYoungGen      total 30208K, used 26753K [0x00000000eab00000, 0x00000000ed900000, 0x0000000100000000)
  eden space 23040K, 86% used [0x00000000eab00000,0x00000000ebe80760,0x00000000ec180000)
  from space 7168K, 94% used [0x00000000ec700000,0x00000000ecda0000,0x00000000ece00000)
  to   space 7680K, 0% used [0x00000000ed180000,0x00000000ed180000,0x00000000ed900000)
 ParOldGen       total 156160K, used 82371K [0x00000000c0000000, 0x00000000c9880000, 0x00000000eab00000)
  object space 156160K, 52% used [0x00000000c0000000,0x00000000c5070d60,0x00000000c9880000)
 Metaspace       used 54747K, capacity 57519K, committed 57688K, reserved 1099776K
  class space    used 5482K, capacity 6502K, committed 6528K, reserved 1048576K

Card table byte_map: [0x0000027df9720000,0x0000027df9930000] _byte_map_base: 0x0000027df9120000

Marking Bits: (ParMarkBitMap*) 0x00007ffbd698d340
 Begin Bits: [0x0000027df9a90000, 0x0000027dfaa90000)
 End Bits:   [0x0000027dfaa90000, 0x0000027dfba90000)

Polling page: 0x0000027df7d60000

Metaspace:

Usage:
  Non-class:     49.82 MB capacity,    48.11 MB ( 97%) used,     1.60 MB (  3%) free+waste,   110.94 KB ( <1%) overhead. 
      Class:      6.35 MB capacity,     5.35 MB ( 84%) used,   968.11 KB ( 15%) free+waste,    51.63 KB ( <1%) overhead. 
       Both:     56.17 MB capacity,    53.46 MB ( 95%) used,     2.55 MB (  5%) free+waste,   162.56 KB ( <1%) overhead. 

Virtual space:
  Non-class space:       50.00 MB reserved,      49.96 MB (>99%) committed 
      Class space:        1.00 GB reserved,       6.38 MB ( <1%) committed 
             Both:        1.05 GB reserved,      56.34 MB (  5%) committed 

Chunk freelists:
   Non-Class:  15.00 KB
       Class:  26.00 KB
        Both:  41.00 KB

MaxMetaspaceSize: 17179869184.00 GB
CompressedClassSpaceSize: 1.00 GB

CodeHeap 'non-profiled nmethods': size=120064Kb used=3390Kb max_used=3390Kb free=116673Kb
 bounds [0x0000027d900f0000, 0x0000027d90440000, 0x0000027d97630000]
CodeHeap 'profiled nmethods': size=120000Kb used=16654Kb max_used=16654Kb free=103345Kb
 bounds [0x0000027d88bc0000, 0x0000027d89c10000, 0x0000027d900f0000]
CodeHeap 'non-nmethods': size=5696Kb used=1224Kb max_used=1273Kb free=4471Kb
 bounds [0x0000027d88630000, 0x0000027d888a0000, 0x0000027d88bc0000]
 total_blobs=7683 nmethods=7081 adapters=515
 compilation: enabled
              stopped_count=0, restarted_count=0
 full_count=0

Compilation events (20 events):
Event: 31.705 Thread 0x0000027dfc678800 7154       1       org.eclipse.aether.util.graph.transformer.ConflictResolver$ConflictItem::getOptionalities (5 bytes)
Event: 31.705 Thread 0x0000027dfc678800 nmethod 7154 0x0000027d9043f510 code [0x0000027d9043f6c0, 0x0000027d9043f778]
Event: 31.707 Thread 0x0000027dfc678800 7155       3       org.eclipse.aether.graph.DefaultDependencyNode::setRequestContext (15 bytes)
Event: 31.707 Thread 0x0000027dfc678800 nmethod 7155 0x0000027d89bf6f90 code [0x0000027d89bf7140, 0x0000027d89bf72b8]
Event: 31.707 Thread 0x0000027dfc678800 7156       3       org.eclipse.aether.resolution.ArtifactRequest::setArtifact (7 bytes)
Event: 31.708 Thread 0x0000027dfc678800 nmethod 7156 0x0000027d89bf7390 code [0x0000027d89bf7540, 0x0000027d89bf7658]
Event: 31.708 Thread 0x0000027dfc678800 7157       3       org.eclipse.aether.resolution.ArtifactRequest::setRepositories (21 bytes)
Event: 31.708 Thread 0x0000027dfc678800 nmethod 7157 0x0000027d89bf7710 code [0x0000027d89bf78c0, 0x0000027d89bf7ab8]
Event: 31.709 Thread 0x0000027dfc678800 7158       3       org.eclipse.aether.resolution.ArtifactRequest::setRequestContext (16 bytes)
Event: 31.709 Thread 0x0000027dfc678800 nmethod 7158 0x0000027d89bf7b90 code [0x0000027d89bf7d40, 0x0000027d89bf7eb8]
Event: 31.709 Thread 0x0000027dfc678800 7159       3       org.eclipse.aether.resolution.ArtifactRequest::setTrace (7 bytes)
Event: 31.709 Thread 0x0000027dfc678800 nmethod 7159 0x0000027d89bf7f90 code [0x0000027d89bf8140, 0x0000027d89bf8258]
Event: 31.709 Thread 0x0000027dfc678800 7160       1       org.eclipse.aether.graph.DefaultDependencyNode::getRequestContext (5 bytes)
Event: 31.709 Thread 0x0000027dfc678800 nmethod 7160 0x0000027d9043f810 code [0x0000027d9043f9c0, 0x0000027d9043fa78]
Event: 31.714 Thread 0x0000027dfc678800 7161       3       sun.nio.ch.FileChannelImpl::beginBlocking (12 bytes)
Event: 31.714 Thread 0x0000027dfc678800 nmethod 7161 0x0000027d89bf8310 code [0x0000027d89bf84c0, 0x0000027d89bf8628]
Event: 31.714 Thread 0x0000027dfc678800 7162       3       sun.nio.ch.FileChannelImpl::endBlocking (13 bytes)
Event: 31.715 Thread 0x0000027dfc678800 nmethod 7162 0x0000027d89bf8710 code [0x0000027d89bf88c0, 0x0000027d89bf8a28]
Event: 31.755 Thread 0x0000027dfc678800 7163       3       java.util.HashSet::clear (8 bytes)
Event: 31.755 Thread 0x0000027dfc678800 nmethod 7163 0x0000027d89bf8b10 code [0x0000027d89bf8cc0, 0x0000027d89bf8e88]

GC Heap History (20 events):
Event: 25.960 GC heap before
{Heap before GC invocations=21 (full 2):
 PSYoungGen      total 22528K, used 17900K [0x00000000eab00000, 0x00000000ec680000, 0x0000000100000000)
  eden space 16896K, 75% used [0x00000000eab00000,0x00000000eb7827d8,0x00000000ebb80000)
  from space 5632K, 90% used [0x00000000ec100000,0x00000000ec5f8838,0x00000000ec680000)
  to   space 5632K, 0% used [0x00000000ebb80000,0x00000000ebb80000,0x00000000ec100000)
 ParOldGen       total 68608K, used 66107K [0x00000000c0000000, 0x00000000c4300000, 0x00000000eab00000)
  object space 68608K, 96% used [0x00000000c0000000,0x00000000c408ec38,0x00000000c4300000)
 Metaspace       used 52655K, capacity 55400K, committed 55512K, reserved 1097728K
  class space    used 5322K, capacity 6318K, committed 6400K, reserved 1048576K
}
Event: 25.986 GC heap after
{Heap after GC invocations=21 (full 2):
 PSYoungGen      total 17408K, used 128K [0x00000000eab00000, 0x00000000ec180000, 0x0000000100000000)
  eden space 16896K, 0% used [0x00000000eab00000,0x00000000eab00000,0x00000000ebb80000)
  from space 512K, 25% used [0x00000000ebb80000,0x00000000ebba0000,0x00000000ebc00000)
  to   space 2048K, 0% used [0x00000000ebf80000,0x00000000ebf80000,0x00000000ec180000)
 ParOldGen       total 70144K, used 69255K [0x00000000c0000000, 0x00000000c4480000, 0x00000000eab00000)
  object space 70144K, 98% used [0x00000000c0000000,0x00000000c43a1e40,0x00000000c4480000)
 Metaspace       used 52655K, capacity 55400K, committed 55512K, reserved 1097728K
  class space    used 5322K, capacity 6318K, committed 6400K, reserved 1048576K
}
Event: 25.987 GC heap before
{Heap before GC invocations=22 (full 3):
 PSYoungGen      total 17408K, used 128K [0x00000000eab00000, 0x00000000ec180000, 0x0000000100000000)
  eden space 16896K, 0% used [0x00000000eab00000,0x00000000eab00000,0x00000000ebb80000)
  from space 512K, 25% used [0x00000000ebb80000,0x00000000ebba0000,0x00000000ebc00000)
  to   space 2048K, 0% used [0x00000000ebf80000,0x00000000ebf80000,0x00000000ec180000)
 ParOldGen       total 70144K, used 69255K [0x00000000c0000000, 0x00000000c4480000, 0x00000000eab00000)
  object space 70144K, 98% used [0x00000000c0000000,0x00000000c43a1e40,0x00000000c4480000)
 Metaspace       used 52655K, capacity 55400K, committed 55512K, reserved 1097728K
  class space    used 5322K, capacity 6318K, committed 6400K, reserved 1048576K
}
Event: 26.540 GC heap after
{Heap after GC invocations=22 (full 3):
 PSYoungGen      total 17408K, used 0K [0x00000000eab00000, 0x00000000ec000000, 0x0000000100000000)
  eden space 16896K, 0% used [0x00000000eab00000,0x00000000eab00000,0x00000000ebb80000)
  from space 512K, 0% used [0x00000000ebf80000,0x00000000ebf80000,0x00000000ec000000)
  to   space 2048K, 0% used [0x00000000ebc00000,0x00000000ebc00000,0x00000000ebe00000)
 ParOldGen       total 76800K, used 47994K [0x00000000c0000000, 0x00000000c4b00000, 0x00000000eab00000)
  object space 76800K, 62% used [0x00000000c0000000,0x00000000c2edeab8,0x00000000c4b00000)
 Metaspace       used 52655K, capacity 55400K, committed 55512K, reserved 1097728K
  class space    used 5322K, capacity 6318K, committed 6400K, reserved 1048576K
}
Event: 26.608 GC heap before
{Heap before GC invocations=23 (full 3):
 PSYoungGen      total 17408K, used 16896K [0x00000000eab00000, 0x00000000ec000000, 0x0000000100000000)
  eden space 16896K, 100% used [0x00000000eab00000,0x00000000ebb80000,0x00000000ebb80000)
  from space 512K, 0% used [0x00000000ebf80000,0x00000000ebf80000,0x00000000ec000000)
  to   space 2048K, 0% used [0x00000000ebc00000,0x00000000ebc00000,0x00000000ebe00000)
 ParOldGen       total 76800K, used 47994K [0x00000000c0000000, 0x00000000c4b00000, 0x00000000eab00000)
  object space 76800K, 62% used [0x00000000c0000000,0x00000000c2edeab8,0x00000000c4b00000)
 Metaspace       used 53001K, capacity 55742K, committed 56024K, reserved 1099776K
  class space    used 5362K, capacity 6359K, committed 6400K, reserved 1048576K
}
Event: 26.615 GC heap after
{Heap after GC invocations=23 (full 3):
 PSYoungGen      total 18944K, used 2048K [0x00000000eab00000, 0x00000000ec000000, 0x0000000100000000)
  eden space 16896K, 0% used [0x00000000eab00000,0x00000000eab00000,0x00000000ebb80000)
  from space 2048K, 100% used [0x00000000ebc00000,0x00000000ebe00000,0x00000000ebe00000)
  to   space 512K, 0% used [0x00000000ebf80000,0x00000000ebf80000,0x00000000ec000000)
 ParOldGen       total 76800K, used 60052K [0x00000000c0000000, 0x00000000c4b00000, 0x00000000eab00000)
  object space 76800K, 78% used [0x00000000c0000000,0x00000000c3aa5058,0x00000000c4b00000)
 Metaspace       used 53001K, capacity 55742K, committed 56024K, reserved 1099776K
  class space    used 5362K, capacity 6359K, committed 6400K, reserved 1048576K
}
Event: 26.772 GC heap before
{Heap before GC invocations=24 (full 3):
 PSYoungGen      total 18944K, used 18944K [0x00000000eab00000, 0x00000000ec000000, 0x0000000100000000)
  eden space 16896K, 100% used [0x00000000eab00000,0x00000000ebb80000,0x00000000ebb80000)
  from space 2048K, 100% used [0x00000000ebc00000,0x00000000ebe00000,0x00000000ebe00000)
  to   space 512K, 0% used [0x00000000ebf80000,0x00000000ebf80000,0x00000000ec000000)
 ParOldGen       total 76800K, used 60052K [0x00000000c0000000, 0x00000000c4b00000, 0x00000000eab00000)
  object space 76800K, 78% used [0x00000000c0000000,0x00000000c3aa5058,0x00000000c4b00000)
 Metaspace       used 53847K, capacity 56554K, committed 56664K, reserved 1099776K
  class space    used 5447K, capacity 6459K, committed 6528K, reserved 1048576K
}
Event: 26.787 GC heap after
{Heap after GC invocations=24 (full 3):
 PSYoungGen      total 17408K, used 512K [0x00000000eab00000, 0x00000000ec000000, 0x0000000100000000)
  eden space 16896K, 0% used [0x00000000eab00000,0x00000000eab00000,0x00000000ebb80000)
  from space 512K, 100% used [0x00000000ebf80000,0x00000000ec000000,0x00000000ec000000)
  to   space 2048K, 0% used [0x00000000ebc00000,0x00000000ebc00000,0x00000000ebe00000)
 ParOldGen       total 76800K, used 71840K [0x00000000c0000000, 0x00000000c4b00000, 0x00000000eab00000)
  object space 76800K, 93% used [0x00000000c0000000,0x00000000c4628088,0x00000000c4b00000)
 Metaspace       used 53847K, capacity 56554K, committed 56664K, reserved 1099776K
  class space    used 5447K, capacity 6459K, committed 6528K, reserved 1048576K
}
Event: 26.787 GC heap before
{Heap before GC invocations=25 (full 4):
 PSYoungGen      total 17408K, used 512K [0x00000000eab00000, 0x00000000ec000000, 0x0000000100000000)
  eden space 16896K, 0% used [0x00000000eab00000,0x00000000eab00000,0x00000000ebb80000)
  from space 512K, 100% used [0x00000000ebf80000,0x00000000ec000000,0x00000000ec000000)
  to   space 2048K, 0% used [0x00000000ebc00000,0x00000000ebc00000,0x00000000ebe00000)
 ParOldGen       total 76800K, used 71840K [0x00000000c0000000, 0x00000000c4b00000, 0x00000000eab00000)
  object space 76800K, 93% used [0x00000000c0000000,0x00000000c4628088,0x00000000c4b00000)
 Metaspace       used 53847K, capacity 56554K, committed 56664K, reserved 1099776K
  class space    used 5447K, capacity 6459K, committed 6528K, reserved 1048576K
}
Event: 26.898 GC heap after
{Heap after GC invocations=25 (full 4):
 PSYoungGen      total 19456K, used 0K [0x00000000eab00000, 0x00000000ed700000, 0x0000000100000000)
  eden space 17408K, 0% used [0x00000000eab00000,0x00000000eab00000,0x00000000ebc00000)
  from space 2048K, 0% used [0x00000000ebc00000,0x00000000ebc00000,0x00000000ebe00000)
  to   space 13312K, 0% used [0x00000000eca00000,0x00000000eca00000,0x00000000ed700000)
 ParOldGen       total 76800K, used 59926K [0x00000000c0000000, 0x00000000c4b00000, 0x00000000eab00000)
  object space 76800K, 78% used [0x00000000c0000000,0x00000000c3a85bb0,0x00000000c4b00000)
 Metaspace       used 53847K, capacity 56554K, committed 56664K, reserved 1099776K
  class space    used 5447K, capacity 6459K, committed 6528K, reserved 1048576K
}
Event: 27.109 GC heap before
{Heap before GC invocations=26 (full 4):
 PSYoungGen      total 19456K, used 17408K [0x00000000eab00000, 0x00000000ed700000, 0x0000000100000000)
  eden space 17408K, 100% used [0x00000000eab00000,0x00000000ebc00000,0x00000000ebc00000)
  from space 2048K, 0% used [0x00000000ebc00000,0x00000000ebc00000,0x00000000ebe00000)
  to   space 13312K, 0% used [0x00000000eca00000,0x00000000eca00000,0x00000000ed700000)
 ParOldGen       total 76800K, used 59926K [0x00000000c0000000, 0x00000000c4b00000, 0x00000000eab00000)
  object space 76800K, 78% used [0x00000000c0000000,0x00000000c3a85bb0,0x00000000c4b00000)
 Metaspace       used 53974K, capacity 56755K, committed 56920K, reserved 1099776K
  class space    used 5451K, capacity 6462K, committed 6528K, reserved 1048576K
}
Event: 27.138 GC heap after
{Heap after GC invocations=26 (full 4):
 PSYoungGen      total 30720K, used 10624K [0x00000000eab00000, 0x00000000ed500000, 0x0000000100000000)
  eden space 19456K, 0% used [0x00000000eab00000,0x00000000eab00000,0x00000000ebe00000)
  from space 11264K, 94% used [0x00000000eca00000,0x00000000ed460000,0x00000000ed500000)
  to   space 11776K, 0% used [0x00000000ebe00000,0x00000000ebe00000,0x00000000ec980000)
 ParOldGen       total 76800K, used 59934K [0x00000000c0000000, 0x00000000c4b00000, 0x00000000eab00000)
  object space 76800K, 78% used [0x00000000c0000000,0x00000000c3a87bb0,0x00000000c4b00000)
 Metaspace       used 53974K, capacity 56755K, committed 56920K, reserved 1099776K
  class space    used 5451K, capacity 6462K, committed 6528K, reserved 1048576K
}
Event: 27.643 GC heap before
{Heap before GC invocations=27 (full 4):
 PSYoungGen      total 30720K, used 30080K [0x00000000eab00000, 0x00000000ed500000, 0x0000000100000000)
  eden space 19456K, 100% used [0x00000000eab00000,0x00000000ebe00000,0x00000000ebe00000)
  from space 11264K, 94% used [0x00000000eca00000,0x00000000ed460000,0x00000000ed500000)
  to   space 11776K, 0% used [0x00000000ebe00000,0x00000000ebe00000,0x00000000ec980000)
 ParOldGen       total 76800K, used 59934K [0x00000000c0000000, 0x00000000c4b00000, 0x00000000eab00000)
  object space 76800K, 78% used [0x00000000c0000000,0x00000000c3a87bb0,0x00000000c4b00000)
 Metaspace       used 54011K, capacity 56759K, committed 56920K, reserved 1099776K
  class space    used 5452K, capacity 6463K, committed 6528K, reserved 1048576K
}
Event: 27.730 GC heap after
{Heap after GC invocations=27 (full 4):
 PSYoungGen      total 31232K, used 11776K [0x00000000eab00000, 0x00000000ef180000, 0x0000000100000000)
  eden space 19456K, 0% used [0x00000000eab00000,0x00000000eab00000,0x00000000ebe00000)
  from space 11776K, 100% used [0x00000000ebe00000,0x00000000ec980000,0x00000000ec980000)
  to   space 25088K, 0% used [0x00000000ed900000,0x00000000ed900000,0x00000000ef180000)
 ParOldGen       total 76800K, used 70766K [0x00000000c0000000, 0x00000000c4b00000, 0x00000000eab00000)
  object space 76800K, 92% used [0x00000000c0000000,0x00000000c451bbb0,0x00000000c4b00000)
 Metaspace       used 54011K, capacity 56759K, committed 56920K, reserved 1099776K
  class space    used 5452K, capacity 6463K, committed 6528K, reserved 1048576K
}
Event: 27.730 GC heap before
{Heap before GC invocations=28 (full 5):
 PSYoungGen      total 31232K, used 11776K [0x00000000eab00000, 0x00000000ef180000, 0x0000000100000000)
  eden space 19456K, 0% used [0x00000000eab00000,0x00000000eab00000,0x00000000ebe00000)
  from space 11776K, 100% used [0x00000000ebe00000,0x00000000ec980000,0x00000000ec980000)
  to   space 25088K, 0% used [0x00000000ed900000,0x00000000ed900000,0x00000000ef180000)
 ParOldGen       total 76800K, used 70766K [0x00000000c0000000, 0x00000000c4b00000, 0x00000000eab00000)
  object space 76800K, 92% used [0x00000000c0000000,0x00000000c451bbb0,0x00000000c4b00000)
 Metaspace       used 54011K, capacity 56759K, committed 56920K, reserved 1099776K
  class space    used 5452K, capacity 6463K, committed 6528K, reserved 1048576K
}
Event: 28.529 GC heap after
{Heap after GC invocations=28 (full 5):
 PSYoungGen      total 31232K, used 5613K [0x00000000eab00000, 0x00000000ef100000, 0x0000000100000000)
  eden space 19456K, 0% used [0x00000000eab00000,0x00000000eab00000,0x00000000ebe00000)
  from space 11776K, 47% used [0x00000000ebe00000,0x00000000ec37b6e0,0x00000000ec980000)
  to   space 25088K, 0% used [0x00000000ed880000,0x00000000ed880000,0x00000000ef100000)
 ParOldGen       total 156160K, used 76715K [0x00000000c0000000, 0x00000000c9880000, 0x00000000eab00000)
  object space 156160K, 49% used [0x00000000c0000000,0x00000000c4aead60,0x00000000c9880000)
 Metaspace       used 54011K, capacity 56759K, committed 56920K, reserved 1099776K
  class space    used 5452K, capacity 6463K, committed 6528K, reserved 1048576K
}
Event: 29.245 GC heap before
{Heap before GC invocations=29 (full 5):
 PSYoungGen      total 31232K, used 25069K [0x00000000eab00000, 0x00000000ef100000, 0x0000000100000000)
  eden space 19456K, 100% used [0x00000000eab00000,0x00000000ebe00000,0x00000000ebe00000)
  from space 11776K, 47% used [0x00000000ebe00000,0x00000000ec37b6e0,0x00000000ec980000)
  to   space 25088K, 0% used [0x00000000ed880000,0x00000000ed880000,0x00000000ef100000)
 ParOldGen       total 156160K, used 76715K [0x00000000c0000000, 0x00000000c9880000, 0x00000000eab00000)
  object space 156160K, 49% used [0x00000000c0000000,0x00000000c4aead60,0x00000000c9880000)
 Metaspace       used 54126K, capacity 56888K, committed 57176K, reserved 1099776K
  class space    used 5452K, capacity 6463K, committed 6528K, reserved 1048576K
}
Event: 29.285 GC heap after
{Heap after GC invocations=29 (full 5):
 PSYoungGen      total 27136K, used 5488K [0x00000000eab00000, 0x00000000ede00000, 0x0000000100000000)
  eden space 21504K, 0% used [0x00000000eab00000,0x00000000eab00000,0x00000000ec000000)
  from space 5632K, 97% used [0x00000000ed880000,0x00000000edddc010,0x00000000ede00000)
  to   space 11776K, 0% used [0x00000000ec700000,0x00000000ec700000,0x00000000ed280000)
 ParOldGen       total 156160K, used 82363K [0x00000000c0000000, 0x00000000c9880000, 0x00000000eab00000)
  object space 156160K, 52% used [0x00000000c0000000,0x00000000c506ed60,0x00000000c9880000)
 Metaspace       used 54126K, capacity 56888K, committed 57176K, reserved 1099776K
  class space    used 5452K, capacity 6463K, committed 6528K, reserved 1048576K
}
Event: 30.035 GC heap before
{Heap before GC invocations=30 (full 5):
 PSYoungGen      total 27136K, used 26992K [0x00000000eab00000, 0x00000000ede00000, 0x0000000100000000)
  eden space 21504K, 100% used [0x00000000eab00000,0x00000000ec000000,0x00000000ec000000)
  from space 5632K, 97% used [0x00000000ed880000,0x00000000edddc010,0x00000000ede00000)
  to   space 11776K, 0% used [0x00000000ec700000,0x00000000ec700000,0x00000000ed280000)
 ParOldGen       total 156160K, used 82363K [0x00000000c0000000, 0x00000000c9880000, 0x00000000eab00000)
  object space 156160K, 52% used [0x00000000c0000000,0x00000000c506ed60,0x00000000c9880000)
 Metaspace       used 54463K, capacity 57215K, committed 57432K, reserved 1099776K
  class space    used 5475K, capacity 6465K, committed 6528K, reserved 1048576K
}
Event: 30.109 GC heap after
{Heap after GC invocations=30 (full 5):
 PSYoungGen      total 30208K, used 6784K [0x00000000eab00000, 0x00000000ed900000, 0x0000000100000000)
  eden space 23040K, 0% used [0x00000000eab00000,0x00000000eab00000,0x00000000ec180000)
  from space 7168K, 94% used [0x00000000ec700000,0x00000000ecda0000,0x00000000ece00000)
  to   space 7680K, 0% used [0x00000000ed180000,0x00000000ed180000,0x00000000ed900000)
 ParOldGen       total 156160K, used 82371K [0x00000000c0000000, 0x00000000c9880000, 0x00000000eab00000)
  object space 156160K, 52% used [0x00000000c0000000,0x00000000c5070d60,0x00000000c9880000)
 Metaspace       used 54463K, capacity 57215K, committed 57432K, reserved 1099776K
  class space    used 5475K, capacity 6465K, committed 6528K, reserved 1048576K
}

Deoptimization events (20 events):
Event: 29.497 Thread 0x0000027dfe78c000 Uncommon trap: trap_request=0xffffff4d fr.pc=0x0000027d9038ae34 relative=0x0000000000000114
Event: 29.497 Thread 0x0000027dfe78c000 Uncommon trap: reason=unstable_if action=reinterpret pc=0x0000027d9038ae34 method=java.util.Arrays.hashCode([Ljava/lang/Object;)I @ 34 c2
Event: 29.497 Thread 0x0000027dfe78c000 DEOPT PACKING pc=0x0000027d9038ae34 sp=0x000000b44fefcfd0
Event: 29.497 Thread 0x0000027dfe78c000 DEOPT UNPACKING pc=0x0000027d88655e2f sp=0x000000b44fefcf48 mode 2
Event: 31.371 Thread 0x0000027dfe78c000 Uncommon trap: trap_request=0xffffff4d fr.pc=0x0000027d90428b9c relative=0x000000000000651c
Event: 31.371 Thread 0x0000027dfe78c000 Uncommon trap: reason=unstable_if action=reinterpret pc=0x0000027d90428b9c method=org.codehaus.plexus.interpolation.StringSearchInterpolator.interpolate(Ljava/lang/String;Lorg/codehaus/plexus/interpolation/RecursionInterceptor;Ljava/util/Set;)Ljava/lang/S
Event: 31.371 Thread 0x0000027dfe78c000 DEOPT PACKING pc=0x0000027d90428b9c sp=0x000000b44fefc3d0
Event: 31.371 Thread 0x0000027dfe78c000 DEOPT UNPACKING pc=0x0000027d88655e2f sp=0x000000b44fefc3d0 mode 2
Event: 31.637 Thread 0x0000027dfe78c000 Uncommon trap: trap_request=0xffffff4d fr.pc=0x0000027d901fab84 relative=0x0000000000000244
Event: 31.637 Thread 0x0000027dfe78c000 Uncommon trap: reason=unstable_if action=reinterpret pc=0x0000027d901fab84 method=java.util.HashMap.getNode(ILjava/lang/Object;)Ljava/util/HashMap$Node; @ 53 c2
Event: 31.637 Thread 0x0000027dfe78c000 DEOPT PACKING pc=0x0000027d901fab84 sp=0x000000b44fefd250
Event: 31.637 Thread 0x0000027dfe78c000 DEOPT UNPACKING pc=0x0000027d88655e2f sp=0x000000b44fefd160 mode 2
Event: 31.637 Thread 0x0000027dfe78c000 Uncommon trap: trap_request=0xffffff4d fr.pc=0x0000027d9011a82c relative=0x000000000000008c
Event: 31.637 Thread 0x0000027dfe78c000 Uncommon trap: reason=unstable_if action=reinterpret pc=0x0000027d9011a82c method=java.util.HashMap.hash(Ljava/lang/Object;)I @ 1 c2
Event: 31.637 Thread 0x0000027dfe78c000 DEOPT PACKING pc=0x0000027d9011a82c sp=0x000000b44fefd1f0
Event: 31.637 Thread 0x0000027dfe78c000 DEOPT UNPACKING pc=0x0000027d88655e2f sp=0x000000b44fefd188 mode 2
Event: 31.637 Thread 0x0000027dfe78c000 Uncommon trap: trap_request=0xffffff4d fr.pc=0x0000027d901fa580 relative=0x00000000000001c0
Event: 31.637 Thread 0x0000027dfe78c000 Uncommon trap: reason=unstable_if action=reinterpret pc=0x0000027d901fa580 method=java.util.HashMap.getNode(ILjava/lang/Object;)Ljava/util/HashMap$Node; @ 53 c2
Event: 31.637 Thread 0x0000027dfe78c000 DEOPT PACKING pc=0x0000027d901fa580 sp=0x000000b44fefd1e0
Event: 31.637 Thread 0x0000027dfe78c000 DEOPT UNPACKING pc=0x0000027d88655e2f sp=0x000000b44fefd168 mode 2

Classes redefined (0 events):
No events

Internal exceptions (20 events):
Event: 24.845 Thread 0x0000027dfe788800 Exception <a 'sun/nio/fs/WindowsException'{0x00000000eb04c4c0}> (0x00000000eb04c4c0) thrown at [./src/hotspot/share/prims/jni.cpp, line 615]
Event: 24.855 Thread 0x0000027dfe788800 Exception <a 'sun/nio/fs/WindowsException'{0x00000000eb38f4b8}> (0x00000000eb38f4b8) thrown at [./src/hotspot/share/prims/jni.cpp, line 615]
Event: 24.856 Thread 0x0000027dfe788800 Exception <a 'sun/nio/fs/WindowsException'{0x00000000eb38ffe8}> (0x00000000eb38ffe8) thrown at [./src/hotspot/share/prims/jni.cpp, line 615]
Event: 24.856 Thread 0x0000027dfe788800 Exception <a 'sun/nio/fs/WindowsException'{0x00000000eb390b50}> (0x00000000eb390b50) thrown at [./src/hotspot/share/prims/jni.cpp, line 615]
Event: 24.856 Thread 0x0000027dfe788800 Exception <a 'sun/nio/fs/WindowsException'{0x00000000eb3916f8}> (0x00000000eb3916f8) thrown at [./src/hotspot/share/prims/jni.cpp, line 615]
Event: 24.861 Thread 0x0000027dfe788800 Exception <a 'sun/nio/fs/WindowsException'{0x00000000eb3975c0}> (0x00000000eb3975c0) thrown at [./src/hotspot/share/prims/jni.cpp, line 615]
Event: 24.864 Thread 0x0000027dfe788800 Exception <a 'sun/nio/fs/WindowsException'{0x00000000eb39ed38}> (0x00000000eb39ed38) thrown at [./src/hotspot/share/prims/jni.cpp, line 615]
Event: 24.867 Thread 0x0000027dfe788800 Exception <a 'sun/nio/fs/WindowsException'{0x00000000eb3a72a0}> (0x00000000eb3a72a0) thrown at [./src/hotspot/share/prims/jni.cpp, line 615]
Event: 24.870 Thread 0x0000027dfe788800 Exception <a 'sun/nio/fs/WindowsException'{0x00000000eb3b0578}> (0x00000000eb3b0578) thrown at [./src/hotspot/share/prims/jni.cpp, line 615]
Event: 24.876 Thread 0x0000027dfe788800 Exception <a 'java/lang/ArrayIndexOutOfBoundsException'{0x00000000eb3c9980}> (0x00000000eb3c9980) thrown at [./src/hotspot/share/runtime/sharedRuntime.cpp, line 606]
Event: 24.964 Thread 0x0000027dfe857800 Exception <a 'java/io/FileNotFoundException'{0x00000000eaf00750}> (0x00000000eaf00750) thrown at [./src/hotspot/share/prims/jni.cpp, line 615]
Event: 24.964 Thread 0x0000027dfe857800 Exception <a 'java/io/FileNotFoundException'{0x00000000eaf01918}> (0x00000000eaf01918) thrown at [./src/hotspot/share/prims/jni.cpp, line 615]
Event: 25.192 Thread 0x0000027dfe788800 Exception <a 'sun/nio/fs/WindowsException'{0x00000000eab1fcc0}> (0x00000000eab1fcc0) thrown at [./src/hotspot/share/prims/jni.cpp, line 615]
Event: 25.206 Thread 0x0000027dfe788800 Exception <a 'java/io/FileNotFoundException'{0x00000000eab325c0}> (0x00000000eab325c0) thrown at [./src/hotspot/share/prims/jni.cpp, line 615]
Event: 25.259 Thread 0x0000027dfe78b000 Exception <a 'java/io/FileNotFoundException'{0x00000000ead2ae08}> (0x00000000ead2ae08) thrown at [./src/hotspot/share/prims/jni.cpp, line 615]
Event: 25.288 Thread 0x0000027dfe78b000 Exception <a 'java/lang/ArrayIndexOutOfBoundsException'{0x00000000eadcbf00}> (0x00000000eadcbf00) thrown at [./src/hotspot/share/runtime/sharedRuntime.cpp, line 606]
Event: 25.430 Thread 0x0000027dfe787000 Exception <a 'sun/nio/fs/WindowsException'{0x00000000eb0e80c0}> (0x00000000eb0e80c0) thrown at [./src/hotspot/share/prims/jni.cpp, line 615]
Event: 25.620 Thread 0x0000027dfe78c000 Exception <a 'java/lang/NoSuchMethodError'{0x00000000eb69c698}: 'java.lang.Object java.lang.invoke.DirectMethodHandle$Holder.invokeSpecial(java.lang.Object, java.lang.Object, java.lang.Object, java.lang.Object, long)'> (0x00000000eb69c698) thrown at [./src/hotspot/share/interpreter/linkResolver.cpp, line 773]
Event: 29.497 Thread 0x0000027dfe78c000 Implicit null exception at 0x0000027d9038ad6f to 0x0000027d9038ae18
Event: 31.637 Thread 0x0000027dfe78c000 Implicit null exception at 0x0000027d9011a7af to 0x0000027d9011a81d

Events (20 events):
Event: 26.643 loading class org/eclipse/core/resources/IFile done
Event: 26.643 loading class org/eclipse/core/resources/IFile
Event: 26.643 loading class org/eclipse/core/resources/IFile done
Event: 26.772 Executing VM operation: ParallelGCFailedAllocation
Event: 26.898 Executing VM operation: ParallelGCFailedAllocation done
Event: 27.108 Executing VM operation: ParallelGCFailedAllocation
Event: 27.138 Executing VM operation: ParallelGCFailedAllocation done
Event: 27.139 Executing VM operation: RevokeBias
Event: 27.139 Executing VM operation: RevokeBias done
Event: 27.643 Executing VM operation: ParallelGCFailedAllocation
Event: 28.529 Executing VM operation: ParallelGCFailedAllocation done
Event: 28.573 Executing VM operation: RevokeBias
Event: 28.573 Executing VM operation: RevokeBias done
Event: 28.577 Thread 0x0000027dfe787000 Thread exited: 0x0000027dfe787000
Event: 29.245 Executing VM operation: ParallelGCFailedAllocation
Event: 29.285 Executing VM operation: ParallelGCFailedAllocation done
Event: 30.026 loading class sun/nio/cs/ISO_8859_1$Decoder
Event: 30.027 loading class sun/nio/cs/ISO_8859_1$Decoder done
Event: 30.035 Executing VM operation: ParallelGCFailedAllocation
Event: 30.109 Executing VM operation: ParallelGCFailedAllocation done


Dynamic libraries:
0x00007ff6ba090000 - 0x00007ff6ba09d000 	C:\Program Files\AdoptOpenJDK\jdk-11.0.11.9-hotspot\bin\java.exe
0x00007ffc19fa0000 - 0x00007ffc1a190000 	C:\Windows\SYSTEM32\ntdll.dll
0x00007ffc18060000 - 0x00007ffc18112000 	C:\Windows\System32\KERNEL32.DLL
0x00007ffc17140000 - 0x00007ffc173e3000 	C:\Windows\System32\KERNELBASE.dll
0x00007ffc16f30000 - 0x00007ffc1702a000 	C:\Windows\System32\ucrtbase.dll
0x00007ffc108b0000 - 0x00007ffc108c5000 	C:\Program Files\AdoptOpenJDK\jdk-11.0.11.9-hotspot\bin\VCRUNTIME140.dll
0x00007ffc156e0000 - 0x00007ffc156f7000 	C:\Program Files\AdoptOpenJDK\jdk-11.0.11.9-hotspot\bin\jli.dll
0x00007ffc191e0000 - 0x00007ffc19373000 	C:\Windows\System32\USER32.dll
0x00007ffc17e60000 - 0x00007ffc17e81000 	C:\Windows\System32\win32u.dll
0x00007ffc19380000 - 0x00007ffc193a6000 	C:\Windows\System32\GDI32.dll
0x00007ffc173f0000 - 0x00007ffc17584000 	C:\Windows\System32\gdi32full.dll
0x00007ffc17dc0000 - 0x00007ffc17e5e000 	C:\Windows\System32\msvcp_win.dll
0x00007ffc063a0000 - 0x00007ffc06625000 	C:\Windows\WinSxS\amd64_microsoft.windows.common-controls_6595b64144ccf1df_6.0.18362.207_none_e6c5ae95130e4267\COMCTL32.dll
0x00007ffc194d0000 - 0x00007ffc1956e000 	C:\Windows\System32\msvcrt.dll
0x00007ffc19b70000 - 0x00007ffc19ea6000 	C:\Windows\System32\combase.dll
0x00007ffc18780000 - 0x00007ffc188a0000 	C:\Windows\System32\RPCRT4.dll
0x00007ffc17060000 - 0x00007ffc170e1000 	C:\Windows\System32\bcryptPrimitives.dll
0x00007ffc19570000 - 0x00007ffc1959e000 	C:\Windows\System32\IMM32.DLL
0x00007ffbdc5a0000 - 0x00007ffbdc63b000 	C:\Program Files\AdoptOpenJDK\jdk-11.0.11.9-hotspot\bin\msvcp140.dll
0x00007ffbd5f00000 - 0x00007ffbd6a4b000 	C:\Program Files\AdoptOpenJDK\jdk-11.0.11.9-hotspot\bin\server\jvm.dll
0x00007ffc19eb0000 - 0x00007ffc19f53000 	C:\Windows\System32\ADVAPI32.dll
0x00007ffc186e0000 - 0x00007ffc18777000 	C:\Windows\System32\sechost.dll
0x00007ffc19b00000 - 0x00007ffc19b08000 	C:\Windows\System32\PSAPI.DLL
0x00007ffc01dc0000 - 0x00007ffc01dc9000 	C:\Windows\SYSTEM32\WSOCK32.dll
0x00007ffc19a80000 - 0x00007ffc19aef000 	C:\Windows\System32\WS2_32.dll
0x00007ffc14bd0000 - 0x00007ffc14bf4000 	C:\Windows\SYSTEM32\WINMM.dll
0x00007ffc0f960000 - 0x00007ffc0f96a000 	C:\Windows\SYSTEM32\VERSION.dll
0x00007ffc14b70000 - 0x00007ffc14b9d000 	C:\Windows\SYSTEM32\WINMMBASE.dll
0x00007ffc170f0000 - 0x00007ffc1713a000 	C:\Windows\System32\cfgmgr32.dll
0x00007ffc16e80000 - 0x00007ffc16e91000 	C:\Windows\System32\kernel.appcore.dll
0x00007ffc0dcc0000 - 0x00007ffc0dcd0000 	C:\Program Files\AdoptOpenJDK\jdk-11.0.11.9-hotspot\bin\verify.dll
0x00007ffc15710000 - 0x00007ffc15904000 	C:\Windows\SYSTEM32\DBGHELP.DLL
0x00007ffc00be0000 - 0x00007ffc00c0a000 	C:\Windows\SYSTEM32\dbgcore.DLL
0x00007ffc0b840000 - 0x00007ffc0b868000 	C:\Program Files\AdoptOpenJDK\jdk-11.0.11.9-hotspot\bin\java.dll
0x00007ffc0d110000 - 0x00007ffc0d11a000 	C:\Program Files\AdoptOpenJDK\jdk-11.0.11.9-hotspot\bin\jimage.dll
0x00007ffc08ac0000 - 0x00007ffc08ad7000 	C:\Program Files\AdoptOpenJDK\jdk-11.0.11.9-hotspot\bin\zip.dll
0x00007ffc18b00000 - 0x00007ffc191e0000 	C:\Windows\System32\SHELL32.dll
0x00007ffc199d0000 - 0x00007ffc19a79000 	C:\Windows\System32\shcore.dll
0x00007ffc17640000 - 0x00007ffc17dbb000 	C:\Windows\System32\windows.storage.dll
0x00007ffc16ef0000 - 0x00007ffc16f0f000 	C:\Windows\System32\profapi.dll
0x00007ffc16ea0000 - 0x00007ffc16eea000 	C:\Windows\System32\powrprof.dll
0x00007ffc16e70000 - 0x00007ffc16e80000 	C:\Windows\System32\UMPDC.dll
0x00007ffc195a0000 - 0x00007ffc195f2000 	C:\Windows\System32\shlwapi.dll
0x00007ffc17e90000 - 0x00007ffc17ea7000 	C:\Windows\System32\cryptsp.dll
0x00007ffc019a0000 - 0x00007ffc019b9000 	C:\Program Files\AdoptOpenJDK\jdk-11.0.11.9-hotspot\bin\net.dll
0x00007ffc0c7b0000 - 0x00007ffc0c8a0000 	C:\Windows\SYSTEM32\WINHTTP.dll
0x00007ffc16680000 - 0x00007ffc166e7000 	C:\Windows\system32\mswsock.dll
0x00007ffc01980000 - 0x00007ffc01992000 	C:\Program Files\AdoptOpenJDK\jdk-11.0.11.9-hotspot\bin\nio.dll
0x00007ffc0d100000 - 0x00007ffc0d10e000 	C:\Program Files\AdoptOpenJDK\jdk-11.0.11.9-hotspot\bin\sunmscapi.dll
0x00007ffc17eb0000 - 0x00007ffc17ff9000 	C:\Windows\System32\CRYPT32.dll
0x00007ffc16f10000 - 0x00007ffc16f22000 	C:\Windows\System32\MSASN1.dll
0x00007ffc16950000 - 0x00007ffc16976000 	C:\Windows\SYSTEM32\ncrypt.dll
0x00007ffc17030000 - 0x00007ffc17056000 	C:\Windows\System32\bcrypt.dll
0x00007ffc16910000 - 0x00007ffc1694b000 	C:\Windows\SYSTEM32\NTASN1.dll
0x00007ffc00bb0000 - 0x00007ffc00bd5000 	C:\Program Files\AdoptOpenJDK\jdk-11.0.11.9-hotspot\bin\sunec.dll
0x00007ffc16240000 - 0x00007ffc16273000 	C:\Windows\system32\rsaenh.dll
0x00007ffc16d90000 - 0x00007ffc16db5000 	C:\Windows\SYSTEM32\USERENV.dll
0x00007ffc16850000 - 0x00007ffc1685c000 	C:\Windows\SYSTEM32\CRYPTBASE.dll
0x00007ffc163e0000 - 0x00007ffc1641a000 	C:\Windows\SYSTEM32\IPHLPAPI.DLL
0x00007ffc19af0000 - 0x00007ffc19af8000 	C:\Windows\System32\NSI.dll
0x00007ffc0f990000 - 0x00007ffc0f9a6000 	C:\Windows\SYSTEM32\dhcpcsvc6.DLL
0x00007ffc0f970000 - 0x00007ffc0f98c000 	C:\Windows\SYSTEM32\dhcpcsvc.DLL
0x00007ffc16420000 - 0x00007ffc164ea000 	C:\Windows\SYSTEM32\DNSAPI.dll
0x00007ffbf6bb0000 - 0x00007ffbf6bd9000 	C:\Users\ASUS\AppData\Roaming\Code\User\globalStorage\redhat.java\0.79.2\config_win\org.eclipse.equinox.launcher\org.eclipse.equinox.launcher.win32.win32.x86_64_1.2.200.v20210406-1409\eclipse_11401.dll
0x00007ffc101c0000 - 0x00007ffc101d1000 	C:\Users\ASUS\AppData\Roaming\Code\User\globalStorage\redhat.java\0.79.2\config_win\org.eclipse.osgi\23\0\.cp\jWinHttp-1.0.0.dll
0x00007ffc188a0000 - 0x00007ffc189f6000 	C:\Windows\System32\ole32.dll

dbghelp: loaded successfully - version: 4.0.5 - missing functions: none
symbol engine: initialized successfully - sym options: 0x614 - pdb path: .;C:\Program Files\AdoptOpenJDK\jdk-11.0.11.9-hotspot\bin;C:\Windows\SYSTEM32;C:\Windows\WinSxS\amd64_microsoft.windows.common-controls_6595b64144ccf1df_6.0.18362.207_none_e6c5ae95130e4267;C:\Program Files\AdoptOpenJDK\jdk-11.0.11.9-hotspot\bin\server;C:\Users\ASUS\AppData\Roaming\Code\User\globalStorage\redhat.java\0.79.2\config_win\org.eclipse.equinox.launcher\org.eclipse.equinox.launcher.win32.win32.x86_64_1.2.200.v20210406-1409;C:\Users\ASUS\AppData\Roaming\Code\User\globalStorage\redhat.java\0.79.2\config_win\org.eclipse.osgi\23\0\.cp

VM Arguments:
jvm_args: --add-modules=ALL-SYSTEM --add-opens=java.base/java.util=ALL-UNNAMED --add-opens=java.base/java.lang=ALL-UNNAMED -Declipse.application=org.eclipse.jdt.ls.core.id1 -Dosgi.bundles.defaultStartLevel=4 -Declipse.product=org.eclipse.jdt.ls.core.product -Dfile.encoding=utf8 -DwatchParentProcess=false -XX:+UseParallelGC -XX:GCTimeRatio=4 -XX:AdaptiveSizePolicyWeight=90 -Dsun.zip.disableMemoryMapping=true -Xmx1G -Xms100m -Xverify:none 
java_command: c:\Users\ASUS\.vscode\extensions\redhat.java-0.79.2\server\plugins\org.eclipse.equinox.launcher_1.6.100.v20201223-0822.jar -configuration c:\Users\ASUS\AppData\Roaming\Code\User\globalStorage\redhat.java\0.79.2\config_win -data c:\Users\ASUS\AppData\Roaming\Code\User\workspaceStorage\f8b72b88882f01987c096f6e8b5c2f3e\redhat.java\jdt_ws
java_class_path (initial): c:\Users\ASUS\.vscode\extensions\redhat.java-0.79.2\server\plugins\org.eclipse.equinox.launcher_1.6.100.v20201223-0822.jar
Launcher Type: SUN_STANDARD

[Global flags]
    uintx AdaptiveSizePolicyWeight                 = 90                                        {product} {command line}
     bool BytecodeVerificationLocal                = false                                     {product} {command line}
     bool BytecodeVerificationRemote               = false                                     {product} {command line}
     intx CICompilerCount                          = 3                                         {product} {ergonomic}
    uintx GCTimeRatio                              = 4                                         {product} {command line}
   size_t InitialHeapSize                          = 104857600                                 {product} {command line}
   size_t MaxHeapSize                              = 1073741824                                {product} {command line}
   size_t MaxNewSize                               = 357564416                                 {product} {ergonomic}
   size_t MinHeapDeltaBytes                        = 524288                                    {product} {ergonomic}
   size_t NewSize                                  = 34603008                                  {product} {ergonomic}
    uintx NonNMethodCodeHeapSize                   = 5830732                                {pd product} {ergonomic}
    uintx NonProfiledCodeHeapSize                  = 122913754                              {pd product} {ergonomic}
   size_t OldSize                                  = 70254592                                  {product} {ergonomic}
    uintx ProfiledCodeHeapSize                     = 122913754                              {pd product} {ergonomic}
    uintx ReservedCodeCacheSize                    = 251658240                              {pd product} {ergonomic}
     bool SegmentedCodeCache                       = true                                      {product} {ergonomic}
     bool UseCompressedClassPointers               = true                                 {lp64_product} {ergonomic}
     bool UseCompressedOops                        = true                                 {lp64_product} {ergonomic}
     bool UseLargePagesIndividualAllocation        = false                                  {pd product} {ergonomic}
     bool UseParallelGC                            = true                                      {product} {command line}

Logging:
Log output configuration:
 #0: stdout all=warning uptime,level,tags
 #1: stderr all=off uptime,level,tags

Environment Variables:
PATH=C:\Program Files\Common Files\Oracle\Java\javapath;C:\Program Files\AdoptOpenJDK\jdk-11.0.11.9-hotspot\bin;C:\oraclexe\app\oracle\product\11.2.0\server\bin;C:\Program Files (x86)\Common Files\Oracle\Java\javapath;C:\Windows\system32;C:\Windows;C:\Windows\System32\Wbem;C:\Windows\System32\WindowsPowerShell\v1.0\;C:\Windows\System32\OpenSSH\;C:\Program Files\Intel\WiFi\bin\;C:\Program Files\Common Files\Intel\WirelessCommon\;C:\Users\ASUS\AppData\Local\Programs\Python\Python38-32;C:\Program Files (x86)\Java\jre1.8.0_241;C:\Program Files\dotnet\;C:\Program Files\Git\cmd;C:\Users\ASUS\AppData\Local\Programs\Python\Python38-32\Scripts\;C:\Users\ASUS\AppData\Local\Programs\Python\Python38-32\;C:\Users\ASUS\AppData\Local\Programs\Python\Launcher\;C:\Users\ASUS\AppData\Local\Microsoft\WindowsApps;;C:\Users\ASUS\AppData\Local\Programs\Microsoft VS Code\bin;C:\Users\ASUS\.dotnet\tools
USERNAME=ASUS
OS=Windows_NT
PROCESSOR_IDENTIFIER=AMD64 Family 23 Model 24 Stepping 1, AuthenticAMD



---------------  S Y S T E M  ---------------

OS: Windows 10 , 64 bit Build 18362 (10.0.18362.86)
OS uptime: 0 days 10:56 hours

CPU:total 4 (initial active 4) (4 cores per cpu, 2 threads per core) family 23 model 24 stepping 1 microcode 0x0, cmov, cx8, fxsr, mmx, sse, sse2, sse3, ssse3, sse4.1, sse4.2, popcnt, avx, avx2, aes, clmul, mmxext, 3dnowpref, lzcnt, sse4a, ht, tsc, tscinvbit, tscinv, bmi1, bmi2, adx, s

Memory: 4k page, system-wide physical 3534M (167M free)
TotalPageFile size 14286M (AvailPageFile size 4M)
current process WorkingSet (physical memory assigned to process): 158M, peak: 233M
current process commit charge ("private bytes"): 375M, peak: 899M

vm_info: OpenJDK 64-Bit Server VM (11.0.11+9) for windows-amd64 JRE (11.0.11+9), built on Apr 20 2021 21:22:09 by "" with MS VC++ 15.9 (VS2017)

END.
